[02-Feb-2021 15:29:14 Asia/Bangkok] PHP Warning:  fsockopen(): unable to connect to 27.254.122.55:80 (A connection attempt failed because the connected party did not properly respond after a period of time, or established connection failed because connected host has failed to respond.
) in D:\wwwroot\vmi\src_file\load_alert\load_alert_main.php on line 77
[02-Feb-2021 15:29:14 Asia/Bangkok] PHP Stack trace:
[02-Feb-2021 15:29:14 Asia/Bangkok] PHP   1. {main}() D:\wwwroot\vmi\src_file\load_alert\load_alert_main.php:0
[02-Feb-2021 15:29:14 Asia/Bangkok] PHP   2. ping() D:\wwwroot\vmi\src_file\load_alert\load_alert_main.php:85
[02-Feb-2021 15:29:14 Asia/Bangkok] PHP   3. fsockopen() D:\wwwroot\vmi\src_file\load_alert\load_alert_main.php:77
[02-Feb-2021 15:29:30 Asia/Bangkok] PHP Warning:  sqlsrv_fetch_array() expects parameter 1 to be resource, boolean given in D:\wwwroot\vmi\lib\comlib.php on line 517
[02-Feb-2021 15:29:30 Asia/Bangkok] PHP Stack trace:
[02-Feb-2021 15:29:30 Asia/Bangkok] PHP   1. {main}() D:\wwwroot\vmi\src_file\load_alert\load_alert_main.php:0
[02-Feb-2021 15:29:30 Asia/Bangkok] PHP   2. require_once() D:\wwwroot\vmi\src_file\load_alert\load_alert_main.php:2
[02-Feb-2021 15:29:30 Asia/Bangkok] PHP   3. get_smtp_mail_config() D:\wwwroot\vmi\application.php:104
[02-Feb-2021 15:29:30 Asia/Bangkok] PHP   4. sqlsrv_fetch_array() D:\wwwroot\vmi\lib\comlib.php:517
[02-Feb-2021 15:29:30 Asia/Bangkok] PHP Warning:  sqlsrv_fetch_array() expects parameter 1 to be resource, boolean given in D:\wwwroot\vmi\lib\comlib.php on line 517
[02-Feb-2021 15:29:30 Asia/Bangkok] PHP Stack trace:
[02-Feb-2021 15:29:30 Asia/Bangkok] PHP   1. {main}() D:\wwwroot\vmi\src_file\load_alert\load_alert_main.php:0
[02-Feb-2021 15:29:30 Asia/Bangkok] PHP   2. require_once() D:\wwwroot\vmi\src_file\load_alert\load_alert_main.php:2
[02-Feb-2021 15:29:30 Asia/Bangkok] PHP   3. get_smtp_mail_config() D:\wwwroot\vmi\application.php:105
[02-Feb-2021 15:29:30 Asia/Bangkok] PHP   4. sqlsrv_fetch_array() D:\wwwroot\vmi\lib\comlib.php:517
[02-Feb-2021 15:29:30 Asia/Bangkok] PHP Warning:  sqlsrv_fetch_array() expects parameter 1 to be resource, boolean given in D:\wwwroot\vmi\lib\comlib.php on line 517
[02-Feb-2021 15:29:30 Asia/Bangkok] PHP Stack trace:
[02-Feb-2021 15:29:30 Asia/Bangkok] PHP   1. {main}() D:\wwwroot\vmi\src_file\load_alert\load_alert_main.php:0
[02-Feb-2021 15:29:30 Asia/Bangkok] PHP   2. require_once() D:\wwwroot\vmi\src_file\load_alert\load_alert_main.php:2
[02-Feb-2021 15:29:30 Asia/Bangkok] PHP   3. get_smtp_mail_config() D:\wwwroot\vmi\application.php:106
[02-Feb-2021 15:29:30 Asia/Bangkok] PHP   4. sqlsrv_fetch_array() D:\wwwroot\vmi\lib\comlib.php:517
[02-Feb-2021 15:29:30 Asia/Bangkok] PHP Warning:  sqlsrv_fetch_array() expects parameter 1 to be resource, boolean given in D:\wwwroot\vmi\lib\comlib.php on line 517
[02-Feb-2021 15:29:30 Asia/Bangkok] PHP Stack trace:
[02-Feb-2021 15:29:30 Asia/Bangkok] PHP   1. {main}() D:\wwwroot\vmi\src_file\load_alert\load_alert_main.php:0
[02-Feb-2021 15:29:30 Asia/Bangkok] PHP   2. require_once() D:\wwwroot\vmi\src_file\load_alert\load_alert_main.php:2
[02-Feb-2021 15:29:30 Asia/Bangkok] PHP   3. get_smtp_mail_config() D:\wwwroot\vmi\application.php:107
[02-Feb-2021 15:29:30 Asia/Bangkok] PHP   4. sqlsrv_fetch_array() D:\wwwroot\vmi\lib\comlib.php:517
[02-Feb-2021 15:29:30 Asia/Bangkok] PHP Warning:  sqlsrv_fetch_array() expects parameter 1 to be resource, boolean given in D:\wwwroot\vmi\lib\comlib.php on line 517
[02-Feb-2021 15:29:30 Asia/Bangkok] PHP Stack trace:
[02-Feb-2021 15:29:30 Asia/Bangkok] PHP   1. {main}() D:\wwwroot\vmi\src_file\load_alert\load_alert_main.php:0
[02-Feb-2021 15:29:30 Asia/Bangkok] PHP   2. require_once() D:\wwwroot\vmi\src_file\load_alert\load_alert_main.php:2
[02-Feb-2021 15:29:30 Asia/Bangkok] PHP   3. get_smtp_mail_config() D:\wwwroot\vmi\application.php:108
[02-Feb-2021 15:29:30 Asia/Bangkok] PHP   4. sqlsrv_fetch_array() D:\wwwroot\vmi\lib\comlib.php:517
[02-Feb-2021 15:29:30 Asia/Bangkok] PHP Warning:  sqlsrv_fetch_array() expects parameter 1 to be resource, boolean given in D:\wwwroot\vmi\src_file\load_alert\load_alert_main.php on line 18
[02-Feb-2021 15:29:30 Asia/Bangkok] PHP Stack trace:
[02-Feb-2021 15:29:30 Asia/Bangkok] PHP   1. {main}() D:\wwwroot\vmi\src_file\load_alert\load_alert_main.php:0
[02-Feb-2021 15:29:30 Asia/Bangkok] PHP   2. sqlsrv_fetch_array() D:\wwwroot\vmi\src_file\load_alert\load_alert_main.php:18
[02-Feb-2021 08:34:01 UTC] PHP Fatal error:  Maximum execution time of 60 seconds exceeded in D:\wwwroot\vmi\application.php on line 2
[02-Feb-2021 08:34:01 UTC] PHP Stack trace:
[02-Feb-2021 08:34:01 UTC] PHP   1. {main}() D:\wwwroot\vmi\src_file\load_alert\load_alert_main.php:0
[02-Feb-2021 08:34:01 UTC] PHP   2. require_once() D:\wwwroot\vmi\src_file\load_alert\load_alert_main.php:2
[02-Feb-2021 09:11:33 UTC] PHP Notice:  session_start(): ps_files_cleanup_dir: opendir(C:\WINDOWS\TEMP) failed: No error (0) in D:\wwwroot\vmi\application.php on line 2
[02-Feb-2021 09:11:33 UTC] PHP Stack trace:
[02-Feb-2021 09:11:33 UTC] PHP   1. {main}() D:\wwwroot\vmi\src_file\load_alert\load_user_online.php:0
[02-Feb-2021 09:11:33 UTC] PHP   2. require_once() D:\wwwroot\vmi\src_file\load_alert\load_user_online.php:2
[02-Feb-2021 09:11:33 UTC] PHP   3. session_start() D:\wwwroot\vmi\application.php:2
[03-Feb-2021 09:35:26 Asia/Bangkok] PHP Warning:  sqlsrv_fetch_array() expects parameter 1 to be resource, boolean given in D:\wwwroot\vmi\lib\comlib.php on line 517
[03-Feb-2021 09:35:26 Asia/Bangkok] PHP Stack trace:
[03-Feb-2021 09:35:26 Asia/Bangkok] PHP   1. {main}() D:\wwwroot\vmi\src_file\load_alert\load_alert_main.php:0
[03-Feb-2021 09:35:26 Asia/Bangkok] PHP   2. require_once() D:\wwwroot\vmi\src_file\load_alert\load_alert_main.php:2
[03-Feb-2021 09:35:26 Asia/Bangkok] PHP   3. get_smtp_mail_config() D:\wwwroot\vmi\application.php:104
[03-Feb-2021 09:35:26 Asia/Bangkok] PHP   4. sqlsrv_fetch_array() D:\wwwroot\vmi\lib\comlib.php:517
[03-Feb-2021 09:35:26 Asia/Bangkok] PHP Warning:  sqlsrv_fetch_array() expects parameter 1 to be resource, boolean given in D:\wwwroot\vmi\lib\comlib.php on line 517
[03-Feb-2021 09:35:26 Asia/Bangkok] PHP Stack trace:
[03-Feb-2021 09:35:26 Asia/Bangkok] PHP   1. {main}() D:\wwwroot\vmi\src_file\load_alert\load_alert_main.php:0
[03-Feb-2021 09:35:26 Asia/Bangkok] PHP   2. require_once() D:\wwwroot\vmi\src_file\load_alert\load_alert_main.php:2
[03-Feb-2021 09:35:26 Asia/Bangkok] PHP   3. get_smtp_mail_config() D:\wwwroot\vmi\application.php:105
[03-Feb-2021 09:35:26 Asia/Bangkok] PHP   4. sqlsrv_fetch_array() D:\wwwroot\vmi\lib\comlib.php:517
[03-Feb-2021 09:35:26 Asia/Bangkok] PHP Warning:  sqlsrv_fetch_array() expects parameter 1 to be resource, boolean given in D:\wwwroot\vmi\lib\comlib.php on line 517
[03-Feb-2021 09:35:26 Asia/Bangkok] PHP Stack trace:
[03-Feb-2021 09:35:26 Asia/Bangkok] PHP   1. {main}() D:\wwwroot\vmi\src_file\load_alert\load_alert_main.php:0
[03-Feb-2021 09:35:26 Asia/Bangkok] PHP   2. require_once() D:\wwwroot\vmi\src_file\load_alert\load_alert_main.php:2
[03-Feb-2021 09:35:26 Asia/Bangkok] PHP   3. get_smtp_mail_config() D:\wwwroot\vmi\application.php:106
[03-Feb-2021 09:35:26 Asia/Bangkok] PHP   4. sqlsrv_fetch_array() D:\wwwroot\vmi\lib\comlib.php:517
[03-Feb-2021 09:35:26 Asia/Bangkok] PHP Warning:  sqlsrv_fetch_array() expects parameter 1 to be resource, boolean given in D:\wwwroot\vmi\lib\comlib.php on line 517
[03-Feb-2021 09:35:26 Asia/Bangkok] PHP Stack trace:
[03-Feb-2021 09:35:26 Asia/Bangkok] PHP   1. {main}() D:\wwwroot\vmi\src_file\load_alert\load_alert_main.php:0
[03-Feb-2021 09:35:26 Asia/Bangkok] PHP   2. require_once() D:\wwwroot\vmi\src_file\load_alert\load_alert_main.php:2
[03-Feb-2021 09:35:26 Asia/Bangkok] PHP   3. get_smtp_mail_config() D:\wwwroot\vmi\application.php:107
[03-Feb-2021 09:35:26 Asia/Bangkok] PHP   4. sqlsrv_fetch_array() D:\wwwroot\vmi\lib\comlib.php:517
[03-Feb-2021 09:35:26 Asia/Bangkok] PHP Warning:  sqlsrv_fetch_array() expects parameter 1 to be resource, boolean given in D:\wwwroot\vmi\lib\comlib.php on line 517
[03-Feb-2021 09:35:26 Asia/Bangkok] PHP Stack trace:
[03-Feb-2021 09:35:26 Asia/Bangkok] PHP   1. {main}() D:\wwwroot\vmi\src_file\load_alert\load_alert_main.php:0
[03-Feb-2021 09:35:26 Asia/Bangkok] PHP   2. require_once() D:\wwwroot\vmi\src_file\load_alert\load_alert_main.php:2
[03-Feb-2021 09:35:26 Asia/Bangkok] PHP   3. get_smtp_mail_config() D:\wwwroot\vmi\application.php:108
[03-Feb-2021 09:35:26 Asia/Bangkok] PHP   4. sqlsrv_fetch_array() D:\wwwroot\vmi\lib\comlib.php:517
[03-Feb-2021 09:35:26 Asia/Bangkok] PHP Warning:  sqlsrv_fetch_array() expects parameter 1 to be resource, boolean given in D:\wwwroot\vmi\src_file\load_alert\load_alert_main.php on line 18
[03-Feb-2021 09:35:26 Asia/Bangkok] PHP Stack trace:
[03-Feb-2021 09:35:26 Asia/Bangkok] PHP   1. {main}() D:\wwwroot\vmi\src_file\load_alert\load_alert_main.php:0
[03-Feb-2021 09:35:26 Asia/Bangkok] PHP   2. sqlsrv_fetch_array() D:\wwwroot\vmi\src_file\load_alert\load_alert_main.php:18
